<?xml version="1.0" encoding="UTF-8"?>
<!-- Generated by org.testng.reporters.JUnitXMLReporter -->
<testsuite ignored="0" hostname="DESKTOP-1CCS179" failures="2" tests="6" name="Test" time="186.66" errors="0" timestamp="2022-12-08T10:27:56 IST">
  <testcase classname="ai.ds.testlayer.LoginPageTest" name="verifyLoginTest" time="0.017">
    <failure type="java.lang.AssertionError" message="expected [https://www.apps.dalalstreet.ai/] but found [https://www.apps.dalalstreet.ai/dashboard]">
      <![CDATA[java.lang.AssertionError: expected [https://www.apps.dalalstreet.ai/] but found [https://www.apps.dalalstreet.ai/dashboard]
at ai.ds.testlayer.LoginPageTest.verifyLoginTest(LoginPageTest.java:17)
at java.base/java.util.ArrayList.forEach(ArrayList.java:1511)
... Removed 33 stack frames]]>
    </failure>
  </testcase> <!-- verifyLoginTest -->
  <testcase classname="ai.ds.testlayer.BuyFunctionality" name="verifyBuyShareFunctionLongTerm" time="7.242"/>
  <testcase classname="ai.ds.testlayer.BuyFunctionality" name="verifyBuyShareFunctionLongTerm" time="7.048"/>
  <testcase classname="ai.ds.testlayer.BuyFunctionality" name="verifyBuyShareFunctionLongTerm" time="20.227">
    <failure type="org.openqa.selenium.ElementNotInteractableException" message="element not interactable
  (Session info: chrome=108.0.5359.96)
Build info: version: &amp;apos;4.5.3&amp;apos;, revision: &amp;apos;4b786a1e430&amp;apos;
System info: os.name: &amp;apos;Windows 10&amp;apos;, os.arch: &amp;apos;amd64&amp;apos;, os.version: &amp;apos;10.0&amp;apos;, java.version: &amp;apos;17&amp;apos;
Driver info: org.openqa.selenium.chrome.ChromeDriver
Command: [0ec71004771aa795995a76dcde59034c, clickElement {id=d0ca28cc-fdba-430c-9e0f-57153e20a553}]
Capabilities {acceptInsecureCerts: false, browserName: chrome, browserVersion: 108.0.5359.96, chrome: {chromedriverVersion: 108.0.5359.71 (1e0e3868ee06..., userDataDir: C:\Users\232338\AppData\Loc...}, goog:chromeOptions: {debuggerAddress: localhost:54477}, networkConnectionEnabled: false, pageLoadStrategy: normal, platformName: WINDOWS, proxy: Proxy(), se:cdp: ws://localhost:54477/devtoo..., se:cdpVersion: 108.0.5359.96, setWindowRect: true, strictFileInteractability: false, timeouts: {implicit: 0, pageLoad: 300000, script: 30000}, unhandledPromptBehavior: dismiss and notify, webauthn:extension:credBlob: true, webauthn:extension:largeBlob: true, webauthn:virtualAuthenticators: true}
Element: [[ChromeDriver: chrome on WINDOWS (0ec71004771aa795995a76dcde59034c)] -&amp;gt; xpath: (//div[@class=&amp;apos;m-4 card&amp;apos;])[2]]
Session ID: 0ec71004771aa795995a76dcde59034c">
      <![CDATA[org.openqa.selenium.ElementNotInteractableException: element not interactable
  (Session info: chrome=108.0.5359.96)
Build info: version: '4.5.3', revision: '4b786a1e430'
System info: os.name: 'Windows 10', os.arch: 'amd64', os.version: '10.0', java.version: '17'
Driver info: org.openqa.selenium.chrome.ChromeDriver
Command: [0ec71004771aa795995a76dcde59034c, clickElement {id=d0ca28cc-fdba-430c-9e0f-57153e20a553}]
Capabilities {acceptInsecureCerts: false, browserName: chrome, browserVersion: 108.0.5359.96, chrome: {chromedriverVersion: 108.0.5359.71 (1e0e3868ee06..., userDataDir: C:\Users\232338\AppData\Loc...}, goog:chromeOptions: {debuggerAddress: localhost:54477}, networkConnectionEnabled: false, pageLoadStrategy: normal, platformName: WINDOWS, proxy: Proxy(), se:cdp: ws://localhost:54477/devtoo..., se:cdpVersion: 108.0.5359.96, setWindowRect: true, strictFileInteractability: false, timeouts: {implicit: 0, pageLoad: 300000, script: 30000}, unhandledPromptBehavior: dismiss and notify, webauthn:extension:credBlob: true, webauthn:extension:largeBlob: true, webauthn:virtualAuthenticators: true}
Element: [[ChromeDriver: chrome on WINDOWS (0ec71004771aa795995a76dcde59034c)] -> xpath: (//div[@class='m-4 card'])[2]]
Session ID: 0ec71004771aa795995a76dcde59034c
at org.openqa.selenium.remote.codec.w3c.W3CHttpResponseCodec.createException(W3CHttpResponseCodec.java:200)
at org.openqa.selenium.remote.codec.w3c.W3CHttpResponseCodec.decode(W3CHttpResponseCodec.java:133)
at org.openqa.selenium.remote.codec.w3c.W3CHttpResponseCodec.decode(W3CHttpResponseCodec.java:53)
at org.openqa.selenium.remote.HttpCommandExecutor.execute(HttpCommandExecutor.java:184)
at org.openqa.selenium.remote.service.DriverCommandExecutor.invokeExecute(DriverCommandExecutor.java:167)
at org.openqa.selenium.remote.service.DriverCommandExecutor.execute(DriverCommandExecutor.java:142)
at org.openqa.selenium.remote.RemoteWebDriver.execute(RemoteWebDriver.java:541)
at org.openqa.selenium.remote.RemoteWebElement.execute(RemoteWebElement.java:257)
at org.openqa.selenium.remote.RemoteWebElement.click(RemoteWebElement.java:78)
at ai.ds.pagelayer.DashboardPage.selectOption(DashboardPage.java:28)
at ai.ds.testlayer.BuyFunctionality.verifyBuyShareFunctionLongTerm(BuyFunctionality.java:28)
at java.base/java.util.ArrayList.forEach(ArrayList.java:1511)
... Removed 32 stack frames]]>
    </failure>
  </testcase> <!-- verifyBuyShareFunctionLongTerm -->
  <testcase classname="ai.ds.testlayer.BuyFunctionality" name="verifyBuyShareFunctionLongTerm" time="6.975"/>
  <testcase classname="ai.ds.testlayer.TransactionsTest" name="getTransactionsDetail" time="13.373"/>
</testsuite> <!-- Test -->
